app/build/outputs/logs/manifest-merger-debug-report.txt
-- Merging decision tree log ---
manifest
ADDED from src\main\AndroidManifest.xml:2:1-43:12
	package
		ADDED from src\main\AndroidManifest.xml:3:5-38
		INJECTED from src\main\AndroidManifest.xml
		INJECTED from src\main\AndroidManifest.xml
	android:versionName
		INJECTED from src\main\AndroidManifest.xml
		INJECTED from src\main\AndroidManifest.xml
	xmlns:android
		ADDED from src\main\AndroidManifest.xml:2:11-69
	android:versionCode
		INJECTED from src\main\AndroidManifest.xml
		INJECTED from src\main\AndroidManifest.xml
uses-permission#android.permission.INTERNET
ADDED from src\main\AndroidManifest.xml:5:5-67
	android:name
		ADDED from src\main\AndroidManifest.xml:5:22-64
uses-permission#android.permission.ACCESS_NETWORK_STATE
ADDED from src\main\AndroidManifest.xml:7:5-79
	android:name
		ADDED from src\main\AndroidManifest.xml:7:22-76
application
ADDED from src\main\AndroidManifest.xml:9:5-41:19
MERGED from [com.android.support:appcompat-v7:23.3.0] AndroidManifest.xml:25:5-20
MERGED from [com.android.support:support-vector-drawable:23.3.0] AndroidManifest.xml:7:5-20
MERGED from [com.android.support:support-v4:23.3.0] AndroidManifest.xml:22:5-20
MERGED from [com.android.support:animated-vector-drawable:23.3.0] AndroidManifest.xml:7:5-20
MERGED from [com.android.support:support-vector-drawable:23.3.0] AndroidManifest.xml:7:5-20
MERGED from [com.android.support:support-v4:23.3.0] AndroidManifest.xml:22:5-20
MERGED from [com.android.support:support-v4:23.3.0] AndroidManifest.xml:22:5-20
MERGED from [com.android.support:support-v4:23.3.0] AndroidManifest.xml:22:5-20
	android:label
		ADDED from src\main\AndroidManifest.xml:12:9-41
	android:supportsRtl
		ADDED from src\main\AndroidManifest.xml:13:9-35
	android:allowBackup
		ADDED from src\main\AndroidManifest.xml:10:9-35
	android:icon
		ADDED from src\main\AndroidManifest.xml:11:9-43
	android:theme
		ADDED from src\main\AndroidManifest.xml:14:9-40
receiver#com.quand.resturanttask.utilities.CleanAlarmReceiver
ADDED from src\main\AndroidManifest.xml:16:9-21:20
	android:name
		ADDED from src\main\AndroidManifest.xml:16:19-63
intent-filter#packagename.ACTION+packagename.ACTION2
ADDED from src\main\AndroidManifest.xml:17:13-20:29
action#packagename.ACTION
ADDED from src\main\AndroidManifest.xml:18:17-61
	android:name
		ADDED from src\main\AndroidManifest.xml:18:25-58
action#packagename.ACTION2
ADDED from src\main\AndroidManifest.xml:19:17-62
	android:name
		ADDED from src\main\AndroidManifest.xml:19:25-59
activity#com.quand.resturanttask.activities.CustomersActivity
ADDED from src\main\AndroidManifest.xml:24:9-29:20
	android:label
		ADDED from src\main\AndroidManifest.xml:25:13-46
	android:windowSoftInputMode
		ADDED from src\main\AndroidManifest.xml:27:13-54
	android:name
		ADDED from src\main\AndroidManifest.xml:26:13-57
activity#com.quand.resturanttask.activities.TablesActivity
ADDED from src\main\AndroidManifest.xml:30:9-33:25
	android:label
		ADDED from src\main\AndroidManifest.xml:31:13-43
	android:parentActivityName
		ADDED from src\main\AndroidManifest.xml:32:13-71
	android:name
		ADDED from src\main\AndroidManifest.xml:30:19-60
activity#com.quand.resturanttask.activities.SplashActivity
ADDED from src\main\AndroidManifest.xml:34:9-40:20
	android:name
		ADDED from src\main\AndroidManifest.xml:34:19-60
intent-filter#android.intent.action.MAIN+android.intent.category.LAUNCHER
ADDED from src\main\AndroidManifest.xml:35:13-39:29
action#android.intent.action.MAIN
ADDED from src\main\AndroidManifest.xml:36:17-69
	android:name
		ADDED from src\main\AndroidManifest.xml:36:25-66
category#android.intent.category.LAUNCHER
ADDED from src\main\AndroidManifest.xml:38:17-77
	android:name
		ADDED from src\main\AndroidManifest.xml:38:27-74
uses-sdk
INJECTED from src\main\AndroidManifest.xml reason: use-sdk injection requested
MERGED from [com.android.support:appcompat-v7:23.3.0] AndroidManifest.xml:21:5-23:78
MERGED from [com.android.support:support-vector-drawable:23.3.0] AndroidManifest.xml:5:5-43
MERGED from [com.android.support:support-v4:23.3.0] AndroidManifest.xml:20:5-43
MERGED from [com.android.support:animated-vector-drawable:23.3.0] AndroidManifest.xml:5:5-44
MERGED from [com.android.support:support-vector-drawable:23.3.0] AndroidManifest.xml:5:5-43
MERGED from [com.android.support:support-v4:23.3.0] AndroidManifest.xml:20:5-43
MERGED from [com.android.support:support-v4:23.3.0] AndroidManifest.xml:20:5-43
MERGED from [com.android.support:recyclerview-v7:23.2.1] AndroidManifest.xml:20:5-43
MERGED from [com.android.support:support-v4:23.3.0] AndroidManifest.xml:20:5-43
	tools:overrideLibrary
		ADDED from [com.android.support:appcompat-v7:23.3.0] AndroidManifest.xml:23:9-75
	android:targetSdkVersion
		INJECTED from src\main\AndroidManifest.xml
		INJECTED from src\main\AndroidManifest.xml
	android:minSdkVersion
		INJECTED from src\main\AndroidManifest.xml
		INJECTED from src\main\AndroidManifest.xml